<?xml version="1.0" encoding="UTF-8"?>
<!-- Generated by org.testng.reporters.JUnitXMLReporter -->
<testsuite ignored="0" hostname="Lenovo" failures="0" tests="7" name="Surefire test" time="0.088" errors="0" timestamp="2022-07-13T11:44:13 MSK">
  <testcase classname="automationtests.homeTest" name="calculateTest" time="0.012"/>
  <testcase classname="automationtests.homeTest" name="calculateemiTest" time="0.0"/>
  <testcase classname="automationtests.personalTest" name="calculatepersonalTest" time="0.001"/>
  <testcase classname="automationtests.personalTest" name="calculatepersonalemiTest" time="0.001"/>
  <testcase classname="automationtests.seleniumTest" name="seleniumchromeTest" time="0.001"/>
  <testcase classname="automationtests.vehicleTest" name="calculatevehicleTest" time="0.001"/>
  <testcase classname="automationtests.vehicleTest" name="calculatevehicleemiTest" time="0.001"/>
</testsuite> <!-- Surefire test -->
