<?xml version="1.0" encoding="UTF-8"?>
<testng-results ignored="0" total="7" passed="7" failed="0" skipped="0">
  <reporter-output>
  </reporter-output>
  <suite started-at="2022-07-13T11:44:13 MSK" name="Surefire suite" finished-at="2022-07-13T11:44:13 MSK" duration-ms="88">
    <groups>
    </groups>
    <test started-at="2022-07-13T11:44:13 MSK" name="Surefire test" finished-at="2022-07-13T11:44:13 MSK" duration-ms="88">
      <class name="automationtests.vehicleTest">
        <test-method signature="calculatevehicleTest()[pri:0, instance:automationtests.vehicleTest@358ee631]" started-at="2022-07-13T11:44:13 MSK" name="calculatevehicleTest" finished-at="2022-07-13T11:44:13 MSK" duration-ms="1" status="PASS">
          <reporter-output>
          </reporter-output>
        </test-method> <!-- calculatevehicleTest -->
        <test-method signature="calculatevehicleemiTest()[pri:0, instance:automationtests.vehicleTest@358ee631]" started-at="2022-07-13T11:44:13 MSK" name="calculatevehicleemiTest" finished-at="2022-07-13T11:44:13 MSK" duration-ms="1" status="PASS">
          <reporter-output>
          </reporter-output>
        </test-method> <!-- calculatevehicleemiTest -->
      </class> <!-- automationtests.vehicleTest -->
      <class name="automationtests.seleniumTest">
        <test-method signature="seleniumchromeTest()[pri:0, instance:automationtests.seleniumTest@233fe9b6]" started-at="2022-07-13T11:44:13 MSK" name="seleniumchromeTest" finished-at="2022-07-13T11:44:13 MSK" duration-ms="1" status="PASS">
          <reporter-output>
          </reporter-output>
        </test-method> <!-- seleniumchromeTest -->
      </class> <!-- automationtests.seleniumTest -->
      <class name="automationtests.homeTest">
        <test-method signature="calculateTest()[pri:0, instance:automationtests.homeTest@43ee72e6]" started-at="2022-07-13T11:44:13 MSK" name="calculateTest" finished-at="2022-07-13T11:44:13 MSK" duration-ms="12" status="PASS">
          <reporter-output>
          </reporter-output>
        </test-method> <!-- calculateTest -->
        <test-method signature="calculateemiTest()[pri:0, instance:automationtests.homeTest@43ee72e6]" started-at="2022-07-13T11:44:13 MSK" name="calculateemiTest" finished-at="2022-07-13T11:44:13 MSK" duration-ms="0" status="PASS">
          <reporter-output>
          </reporter-output>
        </test-method> <!-- calculateemiTest -->
      </class> <!-- automationtests.homeTest -->
      <class name="automationtests.personalTest">
        <test-method signature="calculatepersonalTest()[pri:0, instance:automationtests.personalTest@78e94dcf]" started-at="2022-07-13T11:44:13 MSK" name="calculatepersonalTest" finished-at="2022-07-13T11:44:13 MSK" duration-ms="1" status="PASS">
          <reporter-output>
          </reporter-output>
        </test-method> <!-- calculatepersonalTest -->
        <test-method signature="calculatepersonalemiTest()[pri:0, instance:automationtests.personalTest@78e94dcf]" started-at="2022-07-13T11:44:13 MSK" name="calculatepersonalemiTest" finished-at="2022-07-13T11:44:13 MSK" duration-ms="1" status="PASS">
          <reporter-output>
          </reporter-output>
        </test-method> <!-- calculatepersonalemiTest -->
      </class> <!-- automationtests.personalTest -->
    </test> <!-- Surefire test -->
  </suite> <!-- Surefire suite -->
</testng-results>
