<?xml version="1.0" encoding="UTF-8"?>
<testsuite xmlns:xsi="http://www.w3.org/2001/XMLSchema-instance" xsi:noNamespaceSchemaLocation="https://maven.apache.org/surefire/maven-surefire-plugin/xsd/surefire-test-report-3.0.xsd" version="3.0" name="TestSuite" time="0.765" tests="7" errors="0" skipped="0" failures="0">
  <properties>
[...]
</properties>
  <testcase name="calculateTest" classname="automationtests.homeTest" time="0.011">
    <system-out><![CDATA[calculate test
]]></system-out>
    <system-err><![CDATA[SLF4J: Failed to load class "org.slf4j.impl.StaticLoggerBinder".
SLF4J: Defaulting to no-operation (NOP) logger implementation
SLF4J: See http://www.slf4j.org/codes.html#StaticLoggerBinder for further details.
]]></system-err>
  </testcase>
  <testcase name="calculateemiTest" classname="automationtests.homeTest" time="0.001">
    <system-out><![CDATA[calculate emi test
]]></system-out>
  </testcase>
  <testcase name="calculatepersonalTest" classname="automationtests.personalTest" time="0.002">
    <system-out><![CDATA[calculate automationtests personal test
]]></system-out>
  </testcase>
  <testcase name="calculatepersonalemiTest" classname="automationtests.personalTest" time="0.002">
    <system-out><![CDATA[calculate automationtests personal emi test
]]></system-out>
  </testcase>
  <testcase name="seleniumchromeTest" classname="automationtests.seleniumTest" time="0.002">
    <system-out><![CDATA[chrome test
]]></system-out>
  </testcase>
  <testcase name="calculatevehicleTest" classname="automationtests.vehicleTest" time="0.001">
    <system-out><![CDATA[automation tests vehicle calculator
]]></system-out>
  </testcase>
  <testcase name="calculatevehicleemiTest" classname="automationtests.vehicleTest" time="0.002">
    <system-out><![CDATA[automation tests vehicle calculate emi test
]]></system-out>
  </testcase>
</testsuite>